cl : command line warning D9035: option 'Gm' has been deprecated and will be removed in a future release
  StdAfx.cpp
  _WIN32_WINNT not defined. Defaulting to _WIN32_WINNT_MAXVER (see WinSDKVer.h)
cl : command line warning D9035: option 'Gm' has been deprecated and will be removed in a future release
  rend.cpp
  MainFrm.cpp
  CS580HWView.cpp
  CS580HWDoc.cpp
  CS580HW.cpp
E:\CSCI580\HW1\HW1\CS580HW.cpp(57,2): warning C4996: 'CWinApp::Enable3dControls': CWinApp::Enable3dControls is no longer needed. You should remove this call.
  Application1.cpp
E:\CSCI580\HW1\HW1\Application1.cpp(67,16): warning C4996: 'fopen': This function or variable may be unsafe. Consider using fopen_s instead. To disable deprecation, use _CRT_SECURE_NO_WARNINGS. See online help for details.
E:\CSCI580\HW1\HW1\Application1.cpp(74,17): warning C4996: 'fopen': This function or variable may be unsafe. Consider using fopen_s instead. To disable deprecation, use _CRT_SECURE_NO_WARNINGS. See online help for details.
E:\CSCI580\HW1\HW1\Application1.cpp(81,9): warning C4996: 'fscanf': This function or variable may be unsafe. Consider using fscanf_s instead. To disable deprecation, use _CRT_SECURE_NO_WARNINGS. See online help for details.
E:\CSCI580\HW1\HW1\Application1.cpp(51,7): warning C4101: 'xRes': unreferenced local variable
E:\CSCI580\HW1\HW1\Application1.cpp(51,13): warning C4101: 'yRes': unreferenced local variable
  Application.cpp
  Generating Code...
Application.obj : warning LNK4075: ignoring '/EDITANDCONTINUE' due to '/SAFESEH' specification
  CS580HW1.vcxproj -> E:\CSCI580\HW1\HW1\Debug\CS580HW1.exe
